<?xml version="1.0" encoding="UTF-8"?>
<!-- Generated by org.testng.reporters.JUnitReportReporter -->
<testsuite hostname="DESKTOP-LPFB45H" failures="0" tests="1" name="testng.ToGetTextOfSearchBox" time="4.054" errors="0" timestamp="2026-04-28T22:17:48 IST" skipped="0">
  <testcase classname="testng.ToGetTextOfSearchBox" name="togettext" time="4.054">
    <system-out>
      <![CDATA[Phone value is sent]]>
    </system-out>
  </testcase> <!-- togettext -->
  <system-out>
    <![CDATA[Phone value is sent]]>
  </system-out>
</testsuite> <!-- testng.ToGetTextOfSearchBox -->
