<?xml version="1.0" encoding="UTF-8"?>
<!-- Generated by org.testng.reporters.JUnitReportReporter -->
<testsuite hostname="DESKTOP-LPFB45H" failures="0" tests="1" name="testng.ToLaunchSamsung$ToLaunchiphone" time="11.565" errors="0" timestamp="2026-04-28T11:06:25 IST" skipped="0">
  <testcase classname="testng.ToLaunchSamsung$ToLaunchiphone" name="Launch" time="11.565">
    <system-out>
      <![CDATA[Samsung phone is launched]]>
    </system-out>
  </testcase> <!-- Launch -->
  <system-out>
    <![CDATA[Welcome to Testing
Samsung phone is launched]]>
  </system-out>
</testsuite> <!-- testng.ToLaunchSamsung$ToLaunchiphone -->
