<?xml version="1.0" encoding="UTF-8"?>
<!-- Generated by org.testng.reporters.JUnitReportReporter -->
<testsuite hostname="DESKTOP-LPFB45H" failures="0" tests="3" name="testng.AnnotationAttributes" time="14.503" errors="0" timestamp="2026-04-27T23:08:04 IST" skipped="0">
  <testcase classname="testng.AnnotationAttributes" name="register" time="3.760">
    <system-out>
      <![CDATA[Register page is displayed]]>
    </system-out>
  </testcase> <!-- register -->
  <testcase classname="testng.AnnotationAttributes" name="demo" time="6.305">
    <system-out>
      <![CDATA[Welcome page is displayed]]>
    </system-out>
  </testcase> <!-- demo -->
  <testcase classname="testng.AnnotationAttributes" name="login" time="4.438">
    <system-out>
      <![CDATA[Login page is displayed]]>
    </system-out>
  </testcase> <!-- login -->
  <system-out>
    <![CDATA[Welcome page is displayed
Login page is displayed
Register page is displayed]]>
  </system-out>
</testsuite> <!-- testng.AnnotationAttributes -->
