<?xml version="1.0" encoding="UTF-8"?>
<!-- Generated by org.testng.reporters.JUnitReportReporter -->
<testsuite hostname="DESKTOP-LPFB45H" failures="0" tests="1" name="testng.ToLearnHardAsserts" time="8.208" errors="0" timestamp="2026-04-29T09:40:51 IST" skipped="0">
  <testcase classname="testng.ToLearnHardAsserts" name="login" time="8.208">
    <system-out>
      <![CDATA[Welcome]]>
    </system-out>
  </testcase> <!-- login -->
  <system-out>
    <![CDATA[Welcome]]>
  </system-out>
</testsuite> <!-- testng.ToLearnHardAsserts -->
