<?xml version="1.0" encoding="UTF-8"?>
<!-- Generated by org.testng.reporters.JUnitReportReporter -->
<testsuite hostname="DESKTOP-LPFB45H" failures="0" tests="1" name="testng.ToSendValueInsearch" time="4.181" errors="0" timestamp="2026-04-28T22:35:12 IST" skipped="0">
  <testcase classname="testng.ToSendValueInsearch" name="togettext" time="4.181">
    <system-out>
      <![CDATA[Phone value is sent]]>
    </system-out>
  </testcase> <!-- togettext -->
  <system-out>
    <![CDATA[Phone value is sent]]>
  </system-out>
</testsuite> <!-- testng.ToSendValueInsearch -->
