<?xml version="1.0" encoding="UTF-8"?>
<!-- Generated by org.testng.reporters.JUnitReportReporter -->
<testsuite hostname="DESKTOP-LPFB45H" failures="0" tests="1" name="testng.Demo" time="11.163" errors="0" timestamp="2026-04-28T11:06:25 IST" skipped="0">
  <testcase classname="testng.Demo" name="launch" time="11.163">
    <system-out>
      <![CDATA[Welcome to Testing]]>
    </system-out>
  </testcase> <!-- launch -->
  <system-out>
    <![CDATA[Welcome to Testing
Samsung phone is launched]]>
  </system-out>
</testsuite> <!-- testng.Demo -->
