<?xml version="1.0" encoding="UTF-8"?>
<!-- Generated by org.testng.reporters.JUnitReportReporter -->
<testsuite hostname="DESKTOP-LPFB45H" failures="0" tests="1" name="testng.ToClickOnBook" time="10.602" errors="0" timestamp="2026-04-28T12:12:34 IST" skipped="0">
  <testcase classname="testng.ToClickOnBook" name="clickonBooks" time="10.602">
    <system-out>
      <![CDATA[Book page is displayed]]>
    </system-out>
  </testcase> <!-- clickonBooks -->
  <system-out>
    <![CDATA[Book page is displayed]]>
  </system-out>
</testsuite> <!-- testng.ToClickOnBook -->
