<?xml version="1.0" encoding="UTF-8"?>
<!-- Generated by org.testng.reporters.JUnitReportReporter -->
<testsuite hostname="DESKTOP-LPFB45H" failures="0" tests="1" name="testng.ToTakeScreenshort" time="2.978" errors="0" timestamp="2026-04-28T22:25:48 IST" skipped="0">
  <testcase classname="testng.ToTakeScreenshort" name="takescreenshortofwebpage" time="2.978">
    <system-out>
      <![CDATA[2026-04-28T22-25-47.375812700]]>
    </system-out>
  </testcase> <!-- takescreenshortofwebpage -->
  <system-out>
    <![CDATA[2026-04-28T22-25-47.375812700]]>
  </system-out>
</testsuite> <!-- testng.ToTakeScreenshort -->
