<?xml version="1.0" encoding="UTF-8"?>
<!-- Generated by org.testng.reporters.JUnitReportReporter -->
<testsuite hostname="DESKTOP-LPFB45H" failures="0" tests="1" name="testng.ConfigurationAnnotations" time="0.009" errors="0" timestamp="2026-04-28T11:43:40 IST" skipped="0">
  <testcase classname="testng.ConfigurationAnnotations" name="test" time="0.009">
    <system-out>
      <![CDATA[Test is executed]]>
    </system-out>
  </testcase> <!-- test -->
  <system-out>
    <![CDATA[Before suite is executed
Before Test is exucuted
Before class is executed
Before method is executed
Test is executed
After method is executed
After class is executed
After Test is executed
After suite is executed]]>
  </system-out>
</testsuite> <!-- testng.ConfigurationAnnotations -->
