<?xml version="1.0" encoding="UTF-8"?>
<!-- Generated by org.testng.reporters.JUnitReportReporter -->
<testsuite hostname="DESKTOP-LPFB45H" failures="0" tests="1" name="testng.ToLaunchOppo$ToLaunchiphone" time="6.903" errors="0" timestamp="2026-04-28T09:34:18 IST" skipped="0">
  <testcase classname="testng.ToLaunchOppo$ToLaunchiphone" name="Launch" time="6.903">
    <system-out>
      <![CDATA[Oppo phone is launched]]>
    </system-out>
  </testcase> <!-- Launch -->
  <system-out>
    <![CDATA[Welcome to Testing
Samsung phone is launched
Oppo phone is launched
iphone 17 is launched]]>
  </system-out>
</testsuite> <!-- testng.ToLaunchOppo$ToLaunchiphone -->
