<?xml version="1.0" encoding="UTF-8"?>
<!-- Generated by org.testng.reporters.JUnitXMLReporter -->
<testsuite ignored="2" hostname="DESKTOP-LPFB45H" failures="0" tests="2" name="Test" time="22.794" errors="0" timestamp="2026-04-28T11:06:25 IST">
  <testcase classname="testng.Demo" name="launch" time="11.163"/>
  <testcase classname="testng.ToLaunchSamsung$ToLaunchiphone" name="Launch" time="11.565"/>
  <testcase classname="testng.ToLaunchOppo$ToLaunchiphone" name="Launch" time="0.0">
    <ignored/>
  </testcase> <!-- Launch -->
  <testcase classname="testng.ToLaunchiphone" name="Launch" time="0.0">
    <ignored/>
  </testcase> <!-- Launch -->
</testsuite> <!-- Test -->
